<?xml version="1.0" encoding="UTF-8"?>
<robot generator="Robot 7.2.2 (Python 3.11.4 on win32)" generated="2025-04-06T11:27:17.944691" rpa="false" schemaversion="5">
<suite id="s1" name="TestCase6" source="C:\RobotFramework\TestProject\Tests\TestCase6.robot">
<test id="s1-t1" name="Test6" line="22">
<kw name="Login using specific username" owner="resources">
<kw name="Log To Console" owner="BuiltIn">
<arg>${username} ${password}</arg>
<doc>Logs the given message to the console.</doc>
<status status="PASS" start="2025-04-06T11:27:17.981721" elapsed="0.000000"/>
</kw>
<arg>${credentials}[username]</arg>
<arg>${credentials}[password]</arg>
<status status="PASS" start="2025-04-06T11:27:17.981721" elapsed="0.000000"/>
</kw>
<status status="PASS" start="2025-04-06T11:27:17.981721" elapsed="0.000000"/>
</test>
<status status="PASS" start="2025-04-06T11:27:17.944691" elapsed="0.037030"/>
</suite>
<statistics>
<total>
<stat pass="1" fail="0" skip="0">All Tests</stat>
</total>
<tag>
</tag>
<suite>
<stat name="TestCase6" id="s1" pass="1" fail="0" skip="0">TestCase6</stat>
</suite>
</statistics>
<errors>
</errors>
</robot>
